#
# A fatal error has been detected by the Java Runtime Environment:
#
#  Internal Error (classFileParser.cpp:3375), pid=2244, tid=5748
#  Error: ShouldNotReachHere()
#
# JRE version: 6.0_24-b07
# Java VM: Java HotSpot(TM) Client VM (19.1-b02 mixed mode windows-x86 )
# If you would like to submit a bug report, please visit:
#   http://java.sun.com/webapps/bugreport/crash.jsp
#

---------------  T H R E A D  ---------------

Current thread (0x005d9800):  JavaThread "Unknown thread" [_thread_in_vm, id=5748, stack(0x00370000,0x003c0000)]

Stack: [0x00370000,0x003c0000],  sp=0x003bf87c,  free space=318k
Native frames: (J=compiled Java code, j=interpreted, Vv=VM code, C=native code)
V  [jvm.dll+0x1fa487]
V  [jvm.dll+0xa337b]
V  [jvm.dll+0x747c8]
V  [jvm.dll+0x75fef]
V  [jvm.dll+0x1c9fc5]
V  [jvm.dll+0x1ca826]
V  [jvm.dll+0x1cabd5]
V  [jvm.dll+0x1cac69]
V  [jvm.dll+0x1cad2c]
V  [jvm.dll+0x1cadaa]
V  [jvm.dll+0x1cae8d]
V  [jvm.dll+0x1cb132]
V  [jvm.dll+0x1ea453]
V  [jvm.dll+0x1ea82c]
V  [jvm.dll+0xd9b4c]
V  [jvm.dll+0x1e3b96]
V  [jvm.dll+0x1033b0]
C  [javaw.exe+0x1657]
C  [javaw.exe+0x1e2c]
C  [javaw.exe+0x8614]
C  [kernel32.dll+0x53c45]
C  [ntdll.dll+0x637f5]
C  [ntdll.dll+0x637c8]


---------------  P R O C E S S  ---------------

Java Threads: ( => current thread )

Other Threads:

=>0x005d9800 (exited) JavaThread "Unknown thread" [_thread_in_vm, id=5748, stack(0x00370000,0x003c0000)]

VM state:not at safepoint (not fully initialized)

VM Mutex/Monitor currently owned by a thread: None

Dynamic libraries:
0x00400000 - 0x00424000 	C:\Program Files\Java\jre6\bin\javaw.exe
0x77a00000 - 0x77b3c000 	C:\Windows\SYSTEM32\ntdll.dll
0x77220000 - 0x772f4000 	C:\Windows\system32\kernel32.dll
0x75c50000 - 0x75c9a000 	C:\Windows\system32\KERNELBASE.dll
0x64d00000 - 0x64d33000 	C:\Program Files\Alwil Software\Avast5\snxhk.dll
0x75ea0000 - 0x75f40000 	C:\Windows\system32\ADVAPI32.dll
0x77410000 - 0x774bc000 	C:\Windows\system32\msvcrt.dll
0x773f0000 - 0x77409000 	C:\Windows\SYSTEM32\sechost.dll
0x76f30000 - 0x76fd1000 	C:\Windows\system32\RPCRT4.dll
0x775e0000 - 0x776a9000 	C:\Windows\system32\USER32.dll
0x77010000 - 0x7705e000 	C:\Windows\system32\GDI32.dll
0x77b80000 - 0x77b8a000 	C:\Windows\system32\LPK.dll
0x75fd0000 - 0x7606d000 	C:\Windows\system32\USP10.dll
0x76fe0000 - 0x76fff000 	C:\Windows\system32\IMM32.DLL
0x76e60000 - 0x76f2c000 	C:\Windows\system32\MSCTF.dll
0x7c340000 - 0x7c396000 	C:\Program Files\Java\jre6\bin\msvcr71.dll
0x6d7f0000 - 0x6da96000 	C:\Program Files\Java\jre6\bin\client\jvm.dll
0x73fe0000 - 0x74012000 	C:\Windows\system32\WINMM.dll
0x75ad0000 - 0x75b1c000 	C:\Windows\system32\apphelp.dll
0x6d7a0000 - 0x6d7ac000 	C:\Program Files\Java\jre6\bin\verify.dll
0x6d320000 - 0x6d33f000 	C:\Program Files\Java\jre6\bin\java.dll
0x6d280000 - 0x6d288000 	C:\Program Files\Java\jre6\bin\hpi.dll
0x77b40000 - 0x77b45000 	C:\Windows\system32\PSAPI.DLL
0x6d7e0000 - 0x6d7ef000 	C:\Program Files\Java\jre6\bin\zip.dll

VM Arguments:
jvm_args: -Dfile.encoding=Cp1250 -Xbootclasspath:D:\Program Files\android-sdk-windows\platforms\android-8\android.jar 
java_command: kogut.tomasz.ucanShare.networking.Server
Launcher Type: SUN_STANDARD

Environment Variables:
JAVA_HOME=C:\Program Files\Java\jdk1.6.0_24
PATH=C:/Program Files/Java/jre6/bin/client;C:/Program Files/Java/jre6/bin;C:/Program Files/Java/jre6/lib/i386;C:\Program Files\PC Connectivity Solution\;C:\Windows\system32;C:\Windows;C:\Windows\System32\Wbem;C:\Windows\System32\WindowsPowerShell\v1.0\;C:\Program Files\Microsoft SQL Server\100\Tools\Binn\;C:\Program Files\Microsoft SQL Server\100\DTS\Binn\;C:\Python27;C:\Program Files\MySQL\MySQL Server 5.1\bin;C:\apache-ant-1.8.1\bin;C:\Program Files\Java\jdk1.6.0_24\bin;C:\Program Files\TortoiseSVN\bin;C:\Program Files\TortoiseHg\;D:\Program Files\android-sdk-windows\tools;D:\Program Files\android-sdk-windows\platform-tools
USERNAME=tomek
OS=Windows_NT
PROCESSOR_IDENTIFIER=x86 Family 6 Model 15 Stepping 13, GenuineIntel



---------------  S Y S T E M  ---------------

OS: Windows 7 Build 7601 Service Pack 1

CPU:total 2 (2 cores per cpu, 1 threads per core) family 6 model 15 stepping 13, cmov, cx8, fxsr, mmx, sse, sse2, sse3, ssse3

Memory: 4k page, physical 3136760k(1457104k free), swap 6271764k(4283540k free)

vm_info: Java HotSpot(TM) Client VM (19.1-b02) for windows-x86 JRE (1.6.0_24-b07), built on Feb  2 2011 17:44:41 by "java_re" with MS VC++ 7.1 (VS2003)

time: Wed May 04 19:47:48 2011
elapsed time: 0 seconds

